|SourceProjectName:Project InVision 6 User Guide.hpr
|DestinationProjectName:Project_InVision_User_Guide.htm
whhost.js
whmsg.js
whmozemu.js
whproxy.js
whstub.js
whutils.js
whver.js
whform.js
whphost.js
whstart.js
whtopic.js
whframes.js
whlang.js
whskin_info.htm
whskin_blank.htm
whskin_pickup.htm
whskin_homepage.htm
whskin_tw.htm
whnjs.htm
whthost.js
whtdhtml.htm
whihost.js
whibody.htm
whiform.htm
whfhost.js
whfbody.htm
whfform.htm
whghost.js
whgbody.htm
whgdhtml.htm
whgdef.htm
whproj.js
whproj.xml
whproj.htm
whxdata\whtoc.xml
whxdata\whidx.xml
whxdata\whfts.xml
whxdata\whglo.xml
whdata\whtoc.js
whdata\whtoc.htm
whdata\whtdata.js
whdata\whidx.js
whdata\whidx.htm
whdata\whidata.js
whdata\whfts.js
whdata\whfts.htm
whdata\whglo.js
whdata\whglo.htm
whdata\whgdata.js
whdata\whftdata.js
whdata\whfwdata.js
whres.xml
WebHelp.jar
WebHelp.cab
whgdata\whnvp30.htm
whgdata\whnvp31.htm
whgdata\whnvp32.htm
whgdata\whnvp33.htm
whgdata\whnvt30.htm
whgdata\whnvt31.htm
whgdata\whnvt32.htm
whgdata\whnvt33.htm
whgdata\whnvf30.htm
whgdata\whnvf31.htm
whgdata\whnvf32.htm
whgdata\whnvf33.htm
whgdata\whnvl31.htm
whgdata\whnvl32.htm
whgdata\whnvl33.htm
whgdata\whexpbar.gif
cshdat_webhelp.htm
whcsh_home.htm
whcshdata.htm
cshdat_robohelp.htm
wht_tab0.gif
wht_tab1.gif
wht_tab2.gif
wht_tab3.gif
wht_tab4.gif
wht_tab5.gif
wht_tab6.gif
wht_tab7.gif
wht_tab8.gif
wht_glo_h.gif
wht_glo_n.gif
wht_fts_h.gif
wht_fts_n.gif
wht_idx_h.gif
wht_idx_n.gif
wht_toc_h.gif
wht_toc_n.gif
wht_ws.gif
wht_ws_g.gif
wht_logo1.gif
wht_logo2.gif
wht_abgw.jpg
wht_abgi.jpg
wht_abge.jpg
wht_abtw.jpg
wht_abte.jpg
wht_abti.jpg
wht_spac.gif
wht_next.gif
wht_next_g.gif
wht_prev.gif
wht_prev_g.gif
wht_sync.gif
wht_hide.gif
wht_go.gif
whstart.ico
whestart.ico
whrstart.ico
whidhtml.htm
whfdhtml.htm
whskin_banner.htm
whtbar.js
ProjectInVisionBluePixel.gif
Gray_Browse_Left.gif
White_Browse_Left.gif
Gray_Browse_Right.gif
White_Browse_Next.gif
White_Sync.gif
White_Hide.gif
Purple_Book_Closed.gif
Purple_Book_Open.gif
Purple_Page.gif
animlogo400.gif
containerlogo.jpg
PIV.skn
ProjectInVisionLogo20.jpg
ProjectInVisionLogo24.jpg
ProjectInVisionLogo24gradient.jpg
ProjectInVisionLogo25reversed.jpg
ProjectInVisionLogo25reversedblue.jpg
ProjectInVisionLogoSmall.jpg
whskin_pdhtml.htm
whskin_papplet.htm
whskin_plist.htm
whskin_tbars.htm
whskin_mbars.htm
wht_toc4.gif
whskin_frmset010.htm
whst_topics.xml
whskin_frmset01.htm
Project_InVision_User_Guide_hha.hhk
Project_InVision_User_Guide.hhc
Project_InVision_User_Guide.hhk
_New_and_Updated_Help_Files.htm
_Testing_Topic.htm
About_Alerts.htm
About_Comments.htm
About_Custom_Modules.htm
About_Dashboard.htm
About_Detail_Forms.htm
About_Discussions.htm
About_Document_Files.htm
About_Filters.htm
About_Grouping.htm
About_Links.htm
About_Portals.htm
About_Portfolio_Manager.htm
About_Project_InVision.htm
About_Project_InVision_Applications.htm
About_Project_InVision_International.htm
About_Project_Schedule_Files.htm
About_Project_Teams.htm
About_Reports.htm
About_Resource_Costing.htm
About_Resource_Plans.htm
About_Searching.htm
About_Sorting.htm
About_Templates.htm
About_the_Changes_Module.htm
About_the_Collaborations_Module.htm
About_the_Defects_Module.htm
About_the_Documents_Module.htm
About_the_Issues_Module.htm
About_the_Journals_Module.htm
About_the_Projects_Module.htm
About_the_Requirements_Module.htm
About_the_Resources_Module.htm
About_the_Risks_Module.htm
About_the_Selector.htm
About_the_Tasks_Module.htm
About_Time_Tracking.htm
About_Transferring_Records.htm
About_Views.htm
About_Workflows.htm
About_Workgroups.htm
Accessing_Dashboard.htm
Accessing_Time_Tracking.htm
Adding_Approvers_to_Documents.htm
Adding_Assignments_to_Timesheets.htm
Adding_Comments.htm
Adding_Document_Files.htm
Adding_Links.htm
Adding_Notes_to_Timesheet_Assignments.htm
Adding_Project_InVision_to_your_Favorites.htm
admin_About_Administration.htm
admin_About_Pull-down_Lists.htm
admin_About_Resource_Administration.htm
admin_About_Templates.htm
admin_Adding_Pull-down_List_Items.htm
admin_Assigning_Resources_to_Workgroups.htm
admin_Assigning_Workgroups_to_Resources.htm
admin_Changing_Pull-down_List_Item_Order.htm
admin_Changing_Resource_Logins_and_Passwords.htm
admin_Changing_Template_Order.htm
admin_Clearing_Associations.htm
admin_Creating_Generic_Resources.htm
admin_Creating_Resource_Logins.htm
admin_Creating_Resources.htm
admin_Creating_Templates.htm
admin_Deleting_Pull-down_List_Items.htm
admin_Deleting_Resources.htm
admin_Deleting_Templates.htm
admin_Editing_Pull-down_List_Items.htm
admin_Editing_Resources.htm
admin_Editing_Template_Information.htm
admin_Editing_Templates.htm
admin_Forcing_Check_In.htm
admin_Removing_Resources_from_Workgroups.htm
admin_Removing_Workgroups_from_Resources.htm
admin_Retiring_Pull-down_List_Items.htm
admin_Setting_Resource_User_Categories.htm
admin_Viewing_Resource_Details.htm
Administrative_Reports.htm
Advanced_Filters.htm
Analyzing_Resource_Availability_for_Projects.htm
Appendix_A_Field_Mapping.htm
Applying_Grouping.htm
Applying_Project_Templates.htm
Applying_Views.htm
Applying_Workflows.htm
Approving_Document_Records.htm
Approving_Timesheets.htm
Assigning_Projects_to_Resources.htm
Assigning_Resources_to_Projects.htm
Assigning_Resources_to_Tasks.htm
Changes_Detail_Form.htm
Changes_Module_Reports.htm
Changes_Module_Views.htm
Changing_Dashboard_Layouts.htm
Changing_Dashboard_View_Options.htm
Changing_Dashboards.htm
Changing_Portal_Layouts.htm
Changing_Portal_View_Options.htm
Changing_Time_Increments.htm
Changing_Workgroups.htm
Changing_Your_Password.htm
Checking_In_Document_Files.htm
Checking_In_Project_Schedule_Files.htm
Checking_Out_Document_Files.htm
Checking_Out_Project_Schedule_Files.htm
Collaborations_Detail_Form.htm
Configuring_Internet_Explorer.htm
Configuring_Project_InVision.htm
Configuring_Project_Selection.htm
Configuring_Search_Settings.htm
Copying_Previous_Week_Timesheets.htm
Copying_Projects_Between_Workgroups.htm
Copying_Records.htm
Copying_Records_Between_Projects.htm
Copying_Records_Within_Projects.htm
Creating_Changes.htm
Creating_Collaborations.htm
Creating_Custom_Module_Records.htm
Creating_Defects.htm
Creating_Discussion_Messages.htm
Creating_Document_Files_from_Templates.htm
Creating_Document_Records.htm
Creating_Generic_Resources.htm
Creating_Issues.htm
Creating_Journal_Entries.htm
Creating_Projects.htm
Creating_Requirements.htm
Creating_Resource_Plans.htm
Creating_Resources.htm
Creating_Risks.htm
Creating_Tasks.htm
Custom_Module_Detail_Form.htm
Defects_Detail_Form.htm
Defects_Module_Reports.htm
Defects_Module_Views.htm
Deleting_Alerts.htm
Deleting_Changes.htm
Deleting_Collaborations.htm
Deleting_Custom_Module_Records.htm
Deleting_Defects.htm
Deleting_Document_Records.htm
Deleting_Issues.htm
Deleting_Journal_Entries.htm
Deleting_Projects.htm
Deleting_Requirements.htm
Deleting_Resources.htm
Deleting_Risks.htm
Deleting_Tasks.htm
Detail_Form_Common_Pages.htm
Documents_Detail_Form.htm
Documents_Module_Reports.htm
Documents_Module_Views.htm
Editing_Availability.htm
Editing_Changes.htm
Editing_Collaborations.htm
Editing_Comments.htm
Editing_Contact_Information.htm
Editing_Custom_Module_Records.htm
Editing_Defects.htm
Editing_Document_Records.htm
Editing_Information.htm
Editing_Issues.htm
Editing_Journal_Entries.htm
Editing_Links.htm
Editing_Projects.htm
Editing_Requirements.htm
Editing_Resource_Plans.htm
Editing_Resources.htm
Editing_Risks.htm
Editing_Skills.htm
Editing_Tasks.htm
Entering_Actual_Work_Hours.htm
Exporting.htm
Exporting_Reports.htm
Finding_Information.htm
Getting_Help.htm
Glossary.htm
Indicators.htm
Issues_Detail_Form.htm
Issues_Module_Reports.htm
Issues_Module_Views.htm
Journal_Detail_Form.htm
Journals_Module_Reports.htm
Journals_Module_Views.htm
Keeping_Document_Versions.htm
Keeping_Project_Schedule_File_Versions.htm
Logging_In.htm
Logging_Out.htm
Managing_Project_Costs.htm
Marking_Tasks_as_Key_Deliverables.htm
Modules.htm
Navigation_and_Views.htm
Navigation_Menu.htm
Portfolio_Manager_Basics.htm
Printing.htm
Printing_Dashboard_Views.htm
Printing_Reports.htm
Printing_Timesheets.htm
Project_Indicator.htm
Project_InVision_6_User_Guide_.htm
Project_Options.htm
Project_Scheudle_File_Conventions.htm
Project_Scorecard.htm
Projects_Detail_Form.htm
Projects_Module_Reports.htm
Projects_Module_Views.htm
Quick_Filters.htm
Quick_Sorts.htm
Rejecting_Timesheets.htm
Removing_Assignments_from_Timesheets.htm
Removing_Resources_from_Projects.htm
Removing_Workflows.htm
Replacing_Project_Resources.htm
Replying_Privately_to_Discussion_Messages.htm
Replying_Publicly_to_Discussion_Messages.htm
Report_Options.htm
Requirements_Detail_Form.htm
Requirements_Module_Reports.htm
Requirements_Module_Views.htm
Resource_Analysis_Reports.htm
Resources_Detail_Form.htm
Resources_Module_Reports.htm
Resources_Module_Views.htm
Revising_Rejected_Timesheets.htm
Risks_Detail_Form.htm
Risks_Module_Reports.htm
Risks_Module_Views.htm
Selecting_Groups_of_Projects.htm
Selecting_Hierarchies.htm
Selecting_Multiple_Projects_or_Groups.htm
Selecting_Projects.htm
Selecting_Single_Projects.htm
Selector_Basics.htm
Sending_Alerts.htm
Shortcuts_and_Tips.htm
Showing_and_Hiding_Views.htm
Status_History.htm
Submitting_Timesheets_for_Approval.htm
Synchronization.htm
Tasks_Detail_Form.htm
Tasks_Module_Reports.htm
Tasks_Module_Views.htm
Time_Entry.htm
Time_Tracking_Reports.htm
Timesheet_Approval.htm
Timesheet_Approval_Filter_By_Options.htm
Updating_Resource_Plans.htm
View_Options.htm
Viewing_Alert_Senders.htm
Viewing_Alerts.htm
Viewing_Assignments.htm
Viewing_Detail_Forms.htm
Viewing_Document_Files.htm
Viewing_Document_Versions.htm
Viewing_Information.htm
Viewing_Project_Schedule_File_Versions.htm
Viewing_Project_Schedule_Files.htm
Viewing_Reports.htm
Viewing_Resource_Assignments.htm
Viewing_the_Selector.htm
Whats_New_in_Project_InVision_6.htm
bsscdhtm.js
eHelp.xml
Project_InVision_User_Guide.glo
styles.css
images\Check_In_document_dialog.gif
images\New_Risks_Detail_form.gif
images\Resources_Detail_form_Availability_page.gif
images\Find_dialog_Resources.gif
images\Output_button.gif
images\My_Setup_dialog_Change_Password_page.gif
images\View_Options_dialog.gif
images\Administration_window_Clear_Association_page.gif
images\Timesheet_View_pane_Approve_field.gif
images\Calendar_Picker_button.gif
images\Remove_All_button.gif
images\PIV_logo.gif
images\Documents_Detail_form_Information_page.gif
images\Rejected_Timesheet_icon.gif
images\Copy_Plan_button.gif
images\Previous_button.gif
images\Select_Template_button.gif
images\NewProjWorkflow.gif
images\New_Topic_dialog.gif
images\Transfer_Across_Modules_dialog.gif
images\New_Tasks_Detail_form.gif
images\URL_dialog.gif
images\Send_Reply_dialog.gif
images\Resource_Plan_dialog.gif
images\Alert_window.gif
images\Projects_Detail_form_Links_page.gif
images\Define_Project_Team_dialog.gif
images\Refresh_button.gif
images\New_button.gif
images\Submit_Timesheet_button.gif
images\Copy_Previous_Week_button.gif
images\Copy_button.gif
images\GanttBar.jpg
images\artComplete.gif
images\Search_box.gif
images\Internet_Explorer_Trusted_sites_dialog.gif
images\New_Changes_Detail_form.gif
images\Quick_Sort_dialog_box.gif
images\Check_In_button.gif
images\Remove_Selected_button.gif
images\Order_Down_button.gif
images\Add_All_button.gif
images\artHighPriority.gif
images\Workgroup_Grouping_icon.gif
images\All_Workgroups_icon.gif
images\Projects_Detail_form_Options_page.gif
images\Send_Message_dialog.gif
images\Projects_Detail_form_Information_page.gif
images\Up_arrow_button.gif
images\Add_Assignment_button.gif
images\My_Setup_dialog_Selector_Settings_page.gif
images\New_Collaboration_Detail_form.gif
images\Transfer_Across_Projects_dialog.gif
images\Filters_dialog.gif
images\Find_dialog_Projects.gif
images\Login_page.gif
images\Submit_Approval_button.gif
images\Selector_button.gif
images\Order_Up_button.gif
images\Define_Project_Team_dialog_Projects_to_Resources.gif
images\New_Resources_Detail_form.gif
images\Projects_Detail_form_Scoredcard_page.gif
images\Add_Remove_button.gif
images\Print_Preview_button.gif
images\Next_button.gif
images\artOverWork.gif
images\Documents_Detail_form_no_association.gif
images\Projects_Detail_form_Versions_page.gif
images\Add_Favorite_dialog.gif
images\Assignments_hierarchy_plus_button.gif
images\Down_arrow_button.gif
images\Print_Report_button.gif
images\Review_button.gif
images\artOverBudget.gif
images\artDiscussions.gif
images\artComment.gif
images\artBehind.gif
images\New_Defects_Detail_form.gif
images\New_Requirements_Detail_form.gif
images\Internet_Explorer_Security_Settings_dialog.gif
images\My_Setup_dialog_Toolbar_Settings_page.gif
images\My_Setup_dialog_Search_Settings_page.gif
images\Administration_window_Resources_page.gif
images\Documents_Detail_Form_Approvals_page.gif
images\Application_menu_Portfolio_Manager.gif
images\View_Options_button.gif
images\Workgroup_Membership_dialog-Resources_to_a_Workgroup.gif
images\Remove_Task_button.gif
images\Export_Report_button.gif
images\Details_button.gif
images\Select_Template_Project_dialog.gif
images\New_Projects_Detail_form.gif
images\Tasks_Detail_form_Resources_page.gif
images\New_Issues_Detail_form.gif
images\Select_Template_dialog.gif
images\Administration_window_Pull-down_lists_page.gif
images\New_Template_dialog.gif
images\Template_dialog.gif
images\Edit_User_Login_button.gif
images\Time_Trackinig_Week_of.gif
images\Check_Out_button.gif
images\artUnMatched.gif
images\New_Documents_Detail_form.gif
images\Quick_Filter_dialog.gif
images\Resources_Detail_form_Skills_page.gif
images\Report_Options_dialog.gif
images\Dashboard_Layout_dialog.gif
images\Portal_Layout_dialog.gif
images\Replace_Resource_dialog.gif
images\Projects_Detail_form_Comments_page.gif
images\Notes_window.gif
images\Check_In_dialog.gif
images\Administration_window_Templates_page.gif
images\Note_icon.gif
images\Resource_Plan_button.gif
images\Team_button.gif
images\iconwarning.gif
images\Timesheet_View.gif
images\Transfer_Across_Workgroups_dialog.gif
images\Reply_to_Sender_dialog.gif
images\Projects_Detail_form_Discussions_page.gif
images\ellipsis_button.gif
images\Find_button.gif
images\Layout_button.gif
images\Save_button.gif
images\Resources_Detail_form_Assignments_page.gif
images\New_Journal_Detail_form.gif
images\Resources_Detail_form_Contact_Info_page.gif
images\Assignments_hierarchy.gif
images\Navigation_menu.gif
images\Administration_window_Force_Check-in_page.gif
images\Resources_Detail_form_Information_page_Edit.gif
images\Tools_button.gif
images\Delete_button.gif
images\artLink.gif
images\Internet_Explorer_Settings_dialog.gif
images\Documents_Detail_form_Information_page_with_Association.gif
images\Documents_Detail_form_Versions_page.gif
images\Clear_Association_button.gif
images\Edit_User_Logins_dialog.gif
images\Print_Preview_Print_button.gif
images\Add_Selected_button.gif
ehlpdhtm.js
Project_InVision_User_Guide.ppf
styles_ns.css
whxdata\whtdata0.xml
whxdata\whtdata1.xml
whxdata\whtdata2.xml
whxdata\whtdata3.xml
whxdata\whtdata4.xml
whxdata\whtdata5.xml
whxdata\whtdata6.xml
whxdata\whtdata7.xml
whxdata\whtdata8.xml
whxdata\whidata0.xml
whxdata\whidata1.xml
whxdata\whidata2.xml
whxdata\whidata3.xml
whxdata\whidata4.xml
whxdata\whidata5.xml
whxdata\whidata6.xml
whxdata\whidata7.xml
whxdata\whidata8.xml
whxdata\whidata9.xml
whxdata\whidata10.xml
whxdata\whftdata0.xml
whxdata\whftdata1.xml
whxdata\whftdata2.xml
whxdata\whfwdata0.xml
whxdata\whfwdata1.xml
whxdata\whfwdata2.xml
whxdata\whfwdata3.xml
whxdata\whfwdata4.xml
whxdata\whfwdata5.xml
whxdata\whfwdata6.xml
whxdata\whfwdata7.xml
whxdata\whfwdata8.xml
whxdata\whfwdata9.xml
whxdata\whfwdata10.xml
whxdata\whfwdata11.xml
whxdata\whfwdata12.xml
whdata\whtdata0.htm
whdata\whtdata1.htm
whdata\whtdata2.htm
whdata\whtdata3.htm
whdata\whtdata4.htm
whdata\whtdata5.htm
whdata\whtdata6.htm
whdata\whtdata7.htm
whdata\whtdata8.htm
whdata\whidata0.htm
whdata\whidata1.htm
whdata\whidata2.htm
whdata\whidata3.htm
whdata\whidata4.htm
whdata\whidata5.htm
whdata\whidata6.htm
whdata\whidata7.htm
whdata\whidata8.htm
whdata\whidata9.htm
whdata\whidata10.htm
whdata\whftdata0.htm
whdata\whftdata1.htm
whdata\whftdata2.htm
whdata\whfwdata0.htm
whdata\whfwdata1.htm
whdata\whfwdata2.htm
whdata\whfwdata3.htm
whdata\whfwdata4.htm
whdata\whfwdata5.htm
whdata\whfwdata6.htm
whdata\whfwdata7.htm
whdata\whfwdata8.htm
whdata\whfwdata9.htm
whdata\whfwdata10.htm
whdata\whfwdata11.htm
whdata\whfwdata12.htm
whgdata\whlstt0.htm
whgdata\whlstt1.htm
whgdata\whlstt2.htm
whgdata\whlstt3.htm
whgdata\whlstt4.htm
whgdata\whlstt5.htm
whgdata\whlstt6.htm
whgdata\whlstt7.htm
whgdata\whlstt8.htm
whgdata\whlstt9.htm
whgdata\whlstt10.htm
whgdata\whlstt11.htm
whgdata\whlstt12.htm
whgdata\whlstt13.htm
whgdata\whlstt14.htm
whgdata\whlstt15.htm
whgdata\whlstt16.htm
whgdata\whlstt17.htm
whgdata\whlstt18.htm
whgdata\whlstt19.htm
whgdata\whlstt20.htm
whgdata\whlstt21.htm
whgdata\whlstt22.htm
whgdata\whlstt23.htm
whgdata\whlstt24.htm
whgdata\whlstt25.htm
whgdata\whlstt26.htm
whgdata\whlstt27.htm
whgdata\whlstt28.htm
whgdata\whlstt29.htm
whgdata\whlstt30.htm
whgdata\whlstt31.htm
whgdata\whlstt32.htm
whgdata\whlstt33.htm
whgdata\whlstt34.htm
whgdata\whlstt35.htm
whgdata\whlstt36.htm
whgdata\whlstt37.htm
whgdata\whlstt38.htm
whgdata\whlstt39.htm
whgdata\whlstt40.htm
whgdata\whlstt41.htm
whgdata\whlstt42.htm
whgdata\whlstt43.htm
whgdata\whlstt44.htm
whgdata\whlstt45.htm
whgdata\whlsti0.htm
whgdata\whlsti1.htm
whgdata\whlsti2.htm
whgdata\whlsti3.htm
whgdata\whlstfl0.htm
whgdata\whlstfl1.htm
whgdata\whlstfl2.htm
whgdata\whlstfl3.htm
whgdata\whlstfl4.htm
whgdata\whlstfl5.htm
whgdata\whlstfl6.htm
whgdata\whlstfl7.htm
whgdata\whlstfl8.htm
whgdata\whlstfl9.htm
whgdata\whlstfl10.htm
whgdata\whlstfl11.htm
whgdata\whlstfl12.htm
whgdata\whlstfl13.htm
whgdata\whlstfl14.htm
whgdata\whlstfl15.htm
whgdata\whlstfl16.htm
whgdata\whlstfl17.htm
whgdata\whlstfl18.htm
whgdata\whlstfl19.htm
whgdata\whlstfl20.htm
whgdata\whlstfl21.htm
whgdata\whlstfl22.htm
whgdata\whlstfl23.htm
whgdata\whlstfl24.htm
whgdata\whlstfl25.htm
whgdata\whlstfl26.htm
whgdata\whlstf0.htm
whgdata\whlstf1.htm
whgdata\whlstf2.htm
whgdata\whlstf3.htm
whgdata\whlstf4.htm
whgdata\whlstf5.htm
whgdata\whlstf6.htm
whgdata\whlstf7.htm
whgdata\whlstf8.htm
whgdata\whlstf9.htm
whgdata\whlstf10.htm
whgdata\whlstf11.htm
whgdata\whlstf12.htm
whgdata\whlstf13.htm
whgdata\whlstf14.htm
whgdata\whlstf15.htm
whgdata\whlstf16.htm
whgdata\whlstf17.htm
whgdata\whlstf18.htm
whgdata\whlstf19.htm
whgdata\whlstf20.htm
whgdata\whlstf21.htm
whgdata\whlstf22.htm
whgdata\whlstf23.htm
whgdata\whlstf24.htm
whgdata\whlstf25.htm
whgdata\whlstf26.htm
whgdata\whlstf27.htm
whgdata\whlstf28.htm
whgdata\whlstf29.htm
whgdata\whlstf30.htm
whgdata\whlstf31.htm
whgdata\whlstf32.htm
whgdata\whlstg0.htm
Project_InVision_User_Guide.htm
Project_InVision_User_Guide_csh.htm
Project_InVision_User_Guide_rhc.htm
