|SourceProjectName:ItsOn Help Sample.hpr
|DestinationProjectName:index.htm
index_hha.hhk
index.hhc
index.hhk
Add_a_Network_Feature.html
Add_a_Service_eCommerce_Policy.html
Add_a_Service_Policy_to_a_Network_Feature.html
Add_an_Entitlement_eCommerce_Policy.html
Change_Partner_View.html
Change_Your_Password.html
Create_a_Basic_Plan.html
Create_a_Favorites_Plan.html
Create_a_Plan_With_Voice_Accounting.html
Delete_a_Network_Feature.html
Delete_an_eCommerce_Policy.html
eCommerce_Policies.html
eCommerce_Policy_Properties.html
Edit_a_Network_Feature.html
Edit_a_Service_Policy_in_a_Network_Feature.html
Edit_an_eCommerce_Policy.html
Edit_an_Entitlement_Policy_in_a_Network_Feature.html
Edit_Network_Feature_Properties.html
Edit_Your_Profile_Name.html
Finding_Information_and_Data_in_Service_Design_Center.html
Getting_Started_With_ItsOn_Smart_Services.html
Network_Feature_Properties.html
Network_Features.html
Network_Features_vs_eCommerce_Policies.html
Policies_Service_Entitlement_Data_Session_WiFi_Behavior_and_Voice_Accounting.html
Priority_Scenarios.html
Service_Design_Center_Help.htm
Service_Design_Center_In_Your_Language.html
Service_Policies.html
Sign_In_Password_and_Profile.html
Sign_In_to_ItsOn_Smart_Services.html
Sign_Out_of_ItsOn_Smart_Services.html
View_a_Network_Feature.html
View_an_eCommerce_Policy.html
View_Your_Partners.html
View_Your_Profile.html
AccountRuleSet.hts
AccountTaskList.hts
DeviceTaskList.hts
DPAD.hts
Feature-Change-Warning.hts
ProductAvailabilitySettings.hts
ProductGeneralSettings.hts
ProductMediaTab.hts
SimpleDPAD.hts
SubscriberTaskList.hts
index.glo
itsonhelptopic.css
style.css
template\Android_Tablet_Layout\mobile.css
template\Android_Phone_Layout\mobile.css
template\Desktop_Layout\screen.css
template\iPad_Layout\mobile.css
template\iPhone_Layout\mobile.css
template\Kindle_Fire_Layout\mobile.css
template\iPhone_Layout\TOCNodeLinkHover.png
template\iPhone_Layout\TOCNodePageHover.png
template\iPad_Layout\bg.png
template\Desktop_Layout\TOCTreeCloseBook.png
template\Desktop_Layout\contentholder_background.png
images\dialog_Add_Usage_Notification_Body.png
images\page_My_Changes.png
template\iPhone_Layout\TOCNodeOpenBookHover.png
template\iPhone_Layout\TOCNodeCloseBookSelected.png
template\iPad_Layout\TOCNodeCloseBookSelected.png
template\Desktop_Layout\bg.png
template\Android_Phone_Layout\TOCNodeLink.png
template\Android_Phone_Layout\TOCNodePage.png
template\Android_Phone_Layout\TocNodeUp.png
template\Android_Tablet_Layout\BSBack.png
template\Android_Tablet_Layout\Search.png
template\Android_Tablet_Layout\searchNext.png
template\Android_Tablet_Layout\searchBack.png
images\buttonDelete.png
images\buttonView.png
images\dialog_Select_Service_Policy_annotated.png
template\Kindle_Fire_Layout\TOCNodeCloseBookSelected.png
template\iPhone_Layout\TocNodeUp.png
template\iPad_Layout\TOCNodeOpenBookSelected.png
template\Desktop_Layout\TOCTreeCloseBookSelected.png
template\Desktop_Layout\TOCTreeCloseBookHover.png
template\Kindle_Fire_Layout\icon_glossary_hover.png
template\Kindle_Fire_Layout\icon_contents_hover.png
template\iPhone_Layout\BSNext.png
template\iPhone_Layout\TOCNodePageSelected.png
template\iPhone_Layout\searchNextHover.png
template\iPhone_Layout\searchBackHover.png
template\iPad_Layout\bullet_Release.png
template\iPad_Layout\bullet_whatsnew.png
template\Desktop_Layout\Search.png
template\Desktop_Layout\searchNext.png
template\Desktop_Layout\SearchBack.png
template\Android_Phone_Layout\btn_index.png
template\Android_Tablet_Layout\TOCNodeLinkHover.png
template\Android_Tablet_Layout\TOCNodePageHover.png
template\Android_Tablet_Layout\TOCNodeOpenBook.png
template\Android_Tablet_Layout\TOCNodeOpenBookHover.png
template\Android_Tablet_Layout\TOCNodeCloseBookHover.png
template\Android_Tablet_Layout\icon_about_hover.png
template\Android_Tablet_Layout\icon_index_hover.png
images\ecommerce_policy_north_america_voice_blank.png
images\ecommerce_category_list_voice-plans.png
images\dialog_Items_to_Approve.png
images\dialog_Items_to_Promote.png
images\ecommerce_policy_simple_voice_VAP.png
images\iconSortDownArrow.png
template\iPhone_Layout\glossary.png
template\Desktop_Layout\TOCTreeOpenBookHover.png
template\Android_Phone_Layout\btn_home.png
template\Android_Tablet_Layout\TOCNodeCloseBookSelected.png
template\Android_Tablet_Layout\icon_contact_hover.png
template\Android_Tablet_Layout\icon_glossary_hover.png
template\Android_Tablet_Layout\icon_glossary.png
template\Android_Tablet_Layout\bg01.png
images\dialog_Add_Voice_Filter_3_favorites_5_minutes.png
images\menu_Add_Criteria_Filter_by_Behavior_Policy.png
images\dialog_Add_Feature.png
images\dialog_Add_Behavior_Policy_3_favorites_5_minutes.png
images\component_Simple_Voice.png
template\Kindle_Fire_Layout\TOCNodeLink.png
template\Kindle_Fire_Layout\TOCNodeLinkHover.png
template\Kindle_Fire_Layout\TOCNodePage.png
template\Kindle_Fire_Layout\TOCNodePageHover.png
template\Kindle_Fire_Layout\TocNodeUp.png
template\iPhone_Layout\TOCNodeLinkSelected.png
template\Android_Phone_Layout\BSNext.png
template\Android_Phone_Layout\TOCNodeLinkHover.png
template\Android_Phone_Layout\TOCNodePageHover.png
template\Android_Phone_Layout\TOCNodeOpenBookSelected.png
template\Android_Tablet_Layout\btn_index.png
template\Android_Tablet_Layout\btn_toc.png
template\Android_Tablet_Layout\btn_home.png
images\dialog_Add_Plan_3_favorites_5_minutes.png
images\menu_Policy_Behavior_Policy.png
template\Kindle_Fire_Layout\TOCNodeOpenBookSelected.png
template\Kindle_Fire_Layout\icon_about_hover.png
template\Kindle_Fire_Layout\icon_index_hover.png
template\iPad_Layout\TOCNodeLinkHover.png
template\iPad_Layout\TOCNodePageHover.png
template\iPad_Layout\icon_contact.png
template\Desktop_Layout\TOCTreeLinkSelected.png
template\Desktop_Layout\TOCTreePageSelected.png
template\Android_Phone_Layout\bg01.png
template\Android_Tablet_Layout\btn_glossary.png
template\Android_Tablet_Layout\icon_contact.png
images\menu_Policy_Features.png
images\menu_Site_Updates_Approvals.png
template\Kindle_Fire_Layout\TOCNodeLinkSelected.png
template\Kindle_Fire_Layout\TOCNodePageSelected.png
template\iPhone_Layout\TOCNodeOpenBook.png
template\iPhone_Layout\bullet_whatsnew.png
template\iPhone_Layout\bg.png
template\iPad_Layout\BSNext.png
template\iPad_Layout\searchNextHover.png
template\iPad_Layout\searchBackHover.png
template\Desktop_Layout\TOCTreeOpenBook.png
template\Android_Tablet_Layout\TocNodeUp.png
template\Android_Tablet_Layout\icon_about.png
template\Android_Tablet_Layout\icon_index.png
images\Items_pending_action.png
template\iPhone_Layout\searchNext.png
template\iPhone_Layout\searchBack.png
template\iPad_Layout\icon_about_hover.png
template\iPad_Layout\icon_index_hover.png
images\import-w5mxyva9zxvf\attachments\8981089\9110215.png
images\dialog_New_Advanced_Voice_Accounting_Policy.png
images\iconSortUpArrow.png
template\iPhone_Layout\index.png
template\Android_Phone_Layout\right_arrow.png
template\Android_Phone_Layout\btn_toc.png
template\Android_Tablet_Layout\TOCNodeLinkSelected.png
template\Android_Tablet_Layout\TOCNodePageSelected.png
images\button_unlock.png
images\dialog_Add_Voice_Filter_add_behavior_policy.png
template\Kindle_Fire_Layout\searchBack.png
template\Kindle_Fire_Layout\icon_contact_hover.png
template\Kindle_Fire_Layout\icon_about.png
template\iPhone_Layout\bullet_Release.png
template\Desktop_Layout\TOCTreeLink.png
template\Desktop_Layout\TOCTreeLinkHover.png
template\Desktop_Layout\header_background.png
template\Android_Phone_Layout\TOCNodeLinkSelected.png
template\Android_Phone_Layout\TOCNodePageSelected.png
template\Android_Tablet_Layout\right_arrow_W.png
images\component_Canada_to_Canada.png
images\menu_Site_Updates_My_Changes.png
images\iconSortUpDownArrow.png
template\Kindle_Fire_Layout\BSNext.png
template\Kindle_Fire_Layout\BSBack.png
template\Kindle_Fire_Layout\Search.png
template\Android_Tablet_Layout\TOCNodeLink.png
template\Android_Tablet_Layout\TOCNodePage.png
template\Android_Tablet_Layout\TOCNodeOpenBookSelected.png
images\menu_Notification_Bodies_Usage.png
images\menu_Create_New_Feature_Purchasable.png
images\Pending_Approvals(1).png
template\Kindle_Fire_Layout\TOCNodeOpenBookHover.png
template\iPhone_Layout\TOCNodeOpenBookSelected.png
template\iPhone_Layout\home_default.png
template\iPad_Layout\BSBack.png
template\iPad_Layout\Search.png
template\iPad_Layout\home_default.png
template\iPad_Layout\searchNext.png
template\iPad_Layout\searchBack.png
template\Desktop_Layout\Print.png
images\menu_Policy_eCommerce_Policies.png
images\iconSortedAZ.png
template\Kindle_Fire_Layout\icon_glossary.png
template\iPad_Layout\TOCNodeOpenBook.png
template\iPad_Layout\TOCNodeOpenBookHover.png
template\iPad_Layout\TOCNodeCloseBook.png
template\Desktop_Layout\BSNext.png
template\Desktop_Layout\BSBack.png
template\Desktop_Layout\searchNextHover.png
template\Desktop_Layout\SearchBackHover.png
template\Android_Phone_Layout\BSBack.png
template\Android_Phone_Layout\TOCNodeOpenBook.png
template\Android_Phone_Layout\TOCNodeOpenBookHover.png
template\Android_Phone_Layout\TOCNodeCloseBook.png
template\Android_Phone_Layout\TOCNodeCloseBookSelected.png
template\Android_Phone_Layout\TOCNodeCloseBookHover.png
template\Android_Phone_Layout\btn_glossary.png
template\Android_Phone_Layout\Search.png
template\Android_Phone_Layout\searchNext.png
template\Android_Phone_Layout\searchBack.png
images\buttonLock.png
images\iconFilter.png
template\Kindle_Fire_Layout\TOCNodeOpenBook.png
template\Kindle_Fire_Layout\btn_home.png
template\iPhone_Layout\TOCNodeCloseBook.png
template\iPhone_Layout\Search.png
template\iPhone_Layout\menu_selected.png
template\iPad_Layout\TOCNodeLink.png
template\iPad_Layout\TOCNodeCloseBookHover.png
template\iPad_Layout\TOCNodePage.png
template\iPad_Layout\icon_glossary_hover.png
template\iPad_Layout\icon_contents_hover.png
template\iPad_Layout\icon_glossary.png
template\iPad_Layout\icon_contents.png
template\Android_Tablet_Layout\BSNext.png
template\Android_Tablet_Layout\TOCNodeCloseBook.png
template\Android_Tablet_Layout\icon_contents_hover.png
template\Android_Tablet_Layout\icon_contents.png
images\menu_Commerce_Notification_Bodies.png
template\Kindle_Fire_Layout\TOCNodeCloseBook.png
template\Kindle_Fire_Layout\TOCNodeCloseBookHover.png
template\Kindle_Fire_Layout\searchNext.png
template\Kindle_Fire_Layout\icon_index.png
template\Kindle_Fire_Layout\bg01.png
template\iPhone_Layout\BSBack.png
template\iPhone_Layout\TOCNodeLink.png
template\iPhone_Layout\TOCNodePage.png
template\iPad_Layout\menu_selected.png
template\iPad_Layout\icon_about.png
template\iPad_Layout\icon_index.png
template\Desktop_Layout\TOCTreeOpenBookHoverSelected.png
template\Kindle_Fire_Layout\icon_contact.png
template\Kindle_Fire_Layout\icon_contents.png
template\iPhone_Layout\TOCNodeCloseBookHover.png
template\iPhone_Layout\toc.png
template\iPad_Layout\TOCNodeLinkSelected.png
template\iPad_Layout\TOCNodePageSelected.png
template\iPad_Layout\TocNodeUp.png
template\iPad_Layout\icon_contact_hover.png
template\Desktop_Layout\TOCTreePage.png
template\Desktop_Layout\TOCTreePageHover.png
template\Desktop_Layout\menu_selected.png
template\Desktop_Layout\bullet_Release.png
template\Desktop_Layout\bullet_whatsnew.png
images\dialog_Component_Properties_simple_voice.png
images\ecommerce_policy_simple_voice_blank.png
RoboHHRE.lng
ehlpdhtm.js
index.ppf
SearchOptions.xml
whxdata\toc1.js
whxdata\toc2.js
whxdata\toc3.js
whxdata\toc5.js
whxdata\toc6.js
whxdata\toc4.js
whxdata\toc8.js
whxdata\toc7.js
whxdata\toc10.js
whxdata\toc9.js
whxdata\toc.js
whxdata\idx.js
whxdata\gdata1.js
whxdata\gdata2.js
whxdata\glo.js
whxdata\package_0_xml.js
whxdata\package_1_xml.js
whxdata\package_2_xml.js
whxdata\package_3_xml.js
whxdata\package_4_xml.js
whxdata\package_5_xml.js
whxdata\package_6_xml.js
whxdata\package_7_xml.js
whxdata\package_8_xml.js
whxdata\package_9_xml.js
whxdata\package_10_xml.js
whxdata\package_11_xml.js
whxdata\packageindex_xml.js
whxdata\synonym.xml
whxdata\synonym_xml.js
whxdata\topictable_0_xml.js
whxdata\topictableindex_xml.js
whxdata\whfts.xml
whxdata\whfts_xml.js
whxdata\csh.js
whxdata\window.js
projectdata.js
