|SourceProjectName:ItsOn Help Sample.hpr
|DestinationProjectName:index.htm
whhost.js
whmsg.js
whmozemu.js
whutils.js
whproxy.js
whstub.js
whver.js
whform.js
whphost.js
whstart.js
whtopic.js
whframes.js
whlang.js
XmlReadHelper.js
whskin_info.htm
whskin_blank.htm
whskin_pickup.htm
whskin_homepage.htm
whskin_tw.htm
whnjs.htm
whthost.js
whtdhtml.htm
whihost.js
whibody.htm
whiform.htm
whfhost.js
whfbody.htm
whfform.htm
whghost.js
whgbody.htm
whgdhtml.htm
whgdef.htm
whproj.js
whproj.htm
whdata\whtoc.js
whdata\whtoc.htm
whdata\whtdata.js
whdata\whidx.js
whdata\whidx.htm
whdata\whidata.js
whdata\whglo.js
whdata\whglo.htm
whdata\whgdata.js
whgdata\whnvp30.htm
whgdata\whnvp31.htm
whgdata\whnvp32.htm
whgdata\whnvp33.htm
whgdata\whnvt30.htm
whgdata\whnvt31.htm
whgdata\whnvt32.htm
whgdata\whnvt33.htm
whgdata\whnvf30.htm
whgdata\whnvf31.htm
whgdata\whnvf32.htm
whgdata\whnvf33.htm
whgdata\whnvl31.htm
whgdata\whnvl32.htm
whgdata\whnvl33.htm
whgdata\whexpbar.gif
cshdat_webhelp.htm
whcsh_home.htm
whcshdata.js
cshdat_robohelp.htm
wht_tab0.gif
wht_tab1.gif
wht_tab2.gif
wht_tab3.gif
wht_tab4.gif
wht_tab5.gif
wht_tab6.gif
wht_tab7.gif
wht_tab8.gif
wht_glo_h.gif
wht_glo_n.gif
wht_fts_h.gif
wht_fts_n.gif
wht_idx_h.gif
wht_idx_n.gif
wht_toc_h.gif
wht_toc_n.gif
wht_ws.gif
wht_ws_g.gif
wht_logo1.gif
wht_logo2.gif
wht_abgw.jpg
wht_abgi.jpg
wht_abge.jpg
wht_abtw.jpg
wht_abte.jpg
wht_abti.jpg
wht_spac.gif
wht_next.gif
wht_next_g.gif
wht_prev.gif
wht_prev_g.gif
wht_sync.gif
wht_hide.gif
wht_go.gif
whstart.ico
whestart.ico
whrstart.ico
whidhtml.htm
whfdhtml.htm
whskin_banner.htm
whtbar.js
whskin_pdhtml.htm
whskin_plist.htm
whskin_tbars.htm
whskin_mbars.htm
wht_toc4.gif
wht_toc1.gif
wht_toc2.gif
wht_toc3.gif
whskin_frmset010.htm
whst_topics.xml
whskin_frmset01.htm
index_hha.hhk
index.hhc
index.hhk
Add_a_Behavior_Policy.html
Add_a_Behavior_Policy_to_a_Filter.html
Add_a_Data_Session_Policy_to_a_Network_Feature.html
Add_a_Network_Feature.html
Add_a_Service_eCommerce_Policy.html
Add_a_Service_Policy_to_a_Network_Feature.html
Add_a_Voice_Accounting_Policy.html
Add_a_Voice_Accounting_Policy_to_an_eCommerce_Voice_Service_Policy.html
Add_a_WiFi_Policy_to_a_Network_Feature.html
Add_an_Entitlement_eCommerce_Policy.html
Add_an_Entitlement_Policy_to_a_Network_Feature.html
Behavior_Policies.html
Behavior_Policy_Settings.html
Change_Partner_View.html
Change_the_Voice_Accounting_Policy_Used_in_an_eCommerce_Voice_Service_Policy.html
Change_Your_Password.html
Create_a_Basic_Plan.html
Create_a_Favorites_Plan.html
Create_a_Plan_With_Voice_Accounting.html
Data_Session_Policies.html
Define_the_Default_Voice_Accounting_Policy.html
Delete_a_Network_Feature.html
Delete_a_Voice_Accounting_Policy.html
Delete_an_eCommerce_Policy.html
Delete_an_Entitlement_Policy_in_a_Network_Feature.html
eCommerce_Policies.html
eCommerce_Policy_Properties.html
Edit_a_Behavior_Policy.html
Edit_a_Data_Session_Policy_in_a_Network_Feature.html
Edit_a_Network_Feature.html
Edit_a_Service_Policy_in_a_Network_Feature.html
Edit_a_Voice_Accounting_Policy.html
Edit_a_WiFi_Policy_in_a_Network_Feature.html
Edit_an_eCommerce_Policy.html
Edit_an_Entitlement_Policy_in_a_Network_Feature.html
Edit_Network_Feature_Properties.html
Edit_Your_Profile_Name.html
Entitlement_Policies.html
Finding_Information_and_Data_in_Service_Design_Center.html
Getting_Started_With_ItsOn_Smart_Services.html
Network_Feature_Properties.html
Network_Features.html
Network_Features_vs_eCommerce_Policies.html
Policies_Service_Entitlement_Data_Session_WiFi_Behavior_and_Voice_Accounting.html
Priority_Scenarios.html
Remove_the_Voice_Accounting_Policy_Used_in_an_eCommerce_Voice_Service_Policy.html
Service_Design_Center_Help.htm
Service_Design_Center_In_Your_Language.html
Service_Policies.html
Sign_In_Password_and_Profile.html
Sign_In_to_ItsOn_Smart_Services.html
Sign_Out_of_ItsOn_Smart_Services.html
View_a_Behavior_Policy.html
View_a_Network_Feature.html
View_a_Voice_Accounting_Policy.html
View_an_eCommerce_Policy.html
View_the_Voice_Accounting_Policy_Used_in_an_eCommerce_Voice_Service_Policy.html
View_Your_Partners.html
View_Your_Profile.html
Voice_Accounting_Policies.html
Voice_Accounting_Policy_Settings.html
WiFi_Auto_On_Policies.html
WiFi_EULA_Acceptance_Policies.html
WiFi_Histogram_Policies.html
WiFi_Policies.html
WiFi_Spot_Check_Policies.html
AccountRuleSet.hts
AccountTaskList.hts
DeviceTaskList.hts
DPAD.hts
Feature-Change-Warning.hts
ProductAvailabilitySettings.hts
ProductGeneralSettings.hts
ProductMediaTab.hts
SimpleDPAD.hts
SubscriberTaskList.hts
index.glo
itsonhelptopic.css
style.css
images\dialog_Add_Usage_Notification_Body.png
images\page_My_Changes.png
images\buttonDelete.png
images\buttonView.png
images\dialog_Select_Service_Policy_annotated.png
images\buttonComponentDelete.png
images\ecommerce_policy_north_america_voice_blank.png
images\ecommerce_category_list_voice-plans.png
images\dialog_Items_to_Approve.png
images\dialog_Items_to_Promote.png
images\ecommerce_policy_simple_voice_VAP.png
images\iconSortDownArrow.png
images\dialog_Add_Voice_Filter_3_favorites_5_minutes.png
images\menu_Add_Criteria_Filter_by_Behavior_Policy.png
images\dialog_Add_Feature.png
images\dialog_Add_Behavior_Policy_3_favorites_5_minutes.png
images\component_Simple_Voice.png
images\buttonDownArrow.png
images\dialog_Add_Plan_3_favorites_5_minutes.png
images\menu_Policy_Behavior_Policy.png
images\menu_Policy_Features.png
images\menu_Site_Updates_Approvals.png
images\import-w5mxyva9zxvf\attachments\8980724\9109789.gif
images\import-w5mxyva9zxvf\attachments\8980129\9109775.gif
images\Items_pending_action.png
images\dialog_New_Advanced_Voice_Accounting_Policy.png
images\iconSortUpArrow.png
images\buttonDefault.png
images\button_unlock.png
images\dialog_Add_Voice_Filter_add_behavior_policy.png
images\component_Canada_to_Canada.png
images\menu_Site_Updates_My_Changes.png
images\iconSortUpDownArrow.png
images\menu_Notification_Bodies_Usage.png
images\menu_Create_New_Feature_Purchasable.png
images\Pending_Approvals(1).png
images\menu_Policy_eCommerce_Policies.png
images\iconSortedAZ.png
images\buttonLock.png
images\iconFilter.png
images\menu_Commerce_Notification_Bodies.png
images\dialog_Component_Properties_simple_voice.png
images\ecommerce_policy_simple_voice_blank.png
RoboHHRE.lng
ehlpdhtm.js
index.ppf
SearchOptions.xml
whxdata\package_0_xml.js
whxdata\package_1_xml.js
whxdata\package_2_xml.js
whxdata\package_3_xml.js
whxdata\package_4_xml.js
whxdata\package_5_xml.js
whxdata\package_6_xml.js
whxdata\package_7_xml.js
whxdata\package_8_xml.js
whxdata\package_9_xml.js
whxdata\package_10_xml.js
whxdata\package_11_xml.js
whxdata\package_12_xml.js
whxdata\package_13_xml.js
whxdata\package_14_xml.js
whxdata\package_15_xml.js
whxdata\package_16_xml.js
whxdata\package_17_xml.js
whxdata\package_18_xml.js
whxdata\package_19_xml.js
whxdata\package_20_xml.js
whxdata\package_21_xml.js
whxdata\package_22_xml.js
whxdata\package_23_xml.js
whxdata\package_24_xml.js
whxdata\package_25_xml.js
whxdata\package_26_xml.js
whxdata\package_27_xml.js
whxdata\package_28_xml.js
whxdata\package_29_xml.js
whxdata\package_30_xml.js
whxdata\package_31_xml.js
whxdata\package_32_xml.js
whxdata\package_33_xml.js
whxdata\package_34_xml.js
whxdata\package_35_xml.js
whxdata\package_36_xml.js
whxdata\package_37_xml.js
whxdata\package_38_xml.js
whxdata\package_39_xml.js
whxdata\package_40_xml.js
whxdata\package_41_xml.js
whxdata\package_42_xml.js
whxdata\package_43_xml.js
whxdata\package_44_xml.js
whxdata\package_45_xml.js
whxdata\package_46_xml.js
whxdata\package_47_xml.js
whxdata\package_48_xml.js
whxdata\package_49_xml.js
whxdata\package_50_xml.js
whxdata\package_51_xml.js
whxdata\package_52_xml.js
whxdata\package_53_xml.js
whxdata\package_54_xml.js
whxdata\package_55_xml.js
whxdata\package_56_xml.js
whxdata\package_57_xml.js
whxdata\package_58_xml.js
whxdata\package_59_xml.js
whxdata\package_60_xml.js
whxdata\package_61_xml.js
whxdata\package_62_xml.js
whxdata\package_63_xml.js
whxdata\package_64_xml.js
whxdata\package_65_xml.js
whxdata\package_66_xml.js
whxdata\package_67_xml.js
whxdata\package_68_xml.js
whxdata\package_69_xml.js
whxdata\package_70_xml.js
whxdata\package_71_xml.js
whxdata\package_72_xml.js
whxdata\packageindex_xml.js
whxdata\synonym.xml
whxdata\synonym_xml.js
whxdata\topictable_0_xml.js
whxdata\topictable_1_xml.js
whxdata\topictableindex_xml.js
whxdata\whfts.xml
whxdata\whfts_xml.js
whproj_xml.js
whxdata\whtoc_xml.js
whxdata\whidx_xml.js
whxdata\whglo_xml.js
resource\resource_xml.js
whbrs_xml.js
whres_xml.js
whcsh_xml.js
whxdata\whtdata0_xml.js
whdata\whtdata0.htm
whgdata\whlstt0.htm
whgdata\whlstt1.htm
whgdata\whlstt2.htm
whgdata\whlstt3.htm
whgdata\whlstt4.htm
whgdata\whlstt5.htm
whgdata\whlstt6.htm
whgdata\whlstt7.htm
whgdata\whlstt8.htm
whgdata\whlstt9.htm
whgdata\whlstt10.htm
whgdata\whlstt11.htm
whgdata\whlstt12.htm
whgdata\whlstt13.htm
whgdata\whlstt14.htm
whgdata\whlstt15.htm
whgdata\whlstt16.htm
whgdata\whlsti0.htm
whgdata\whlstfl0.htm
whgdata\whlstfl1.htm
whgdata\whlstfl2.htm
whgdata\whlstfl3.htm
whgdata\whlstfl4.htm
whgdata\whlstfl5.htm
whgdata\whlstfl6.htm
whgdata\whlstfl7.htm
whgdata\whlstfl8.htm
whgdata\whlstfl9.htm
whgdata\whlstfl10.htm
whgdata\whlstfl11.htm
whgdata\whlstfl12.htm
whgdata\whlstfl13.htm
whgdata\whlstfl14.htm
whgdata\whlstfl15.htm
whgdata\whlstfl16.htm
whgdata\whlstfl17.htm
whgdata\whlstfl18.htm
whgdata\whlstfl19.htm
whgdata\whlstfl20.htm
whgdata\whlstfl21.htm
whgdata\whlstfl22.htm
whgdata\whlstfl23.htm
whgdata\whlstfl24.htm
whgdata\whlstf0.htm
whgdata\whlstf1.htm
whgdata\whlstf2.htm
whgdata\whlstf3.htm
whgdata\whlstf4.htm
whgdata\whlstf5.htm
whgdata\whlstf6.htm
whgdata\whlstf7.htm
whgdata\whlstf8.htm
whgdata\whlstf9.htm
whgdata\whlstf10.htm
whgdata\whlstf11.htm
whgdata\whlstf12.htm
whgdata\whlstf13.htm
whgdata\whlstf14.htm
whgdata\whlstf15.htm
whgdata\whlstf16.htm
whgdata\whlstf17.htm
whgdata\whlstf18.htm
whgdata\whlstf19.htm
whgdata\whlstf20.htm
whgdata\whlstf21.htm
whgdata\whlstf22.htm
whgdata\whlstf23.htm
whgdata\whlstf24.htm
whgdata\whlstf25.htm
whgdata\whlstf26.htm
whgdata\whlstf27.htm
whgdata\whlstf28.htm
whgdata\whlstf29.htm
whgdata\whlstf30.htm
whgdata\whlstf31.htm
whgdata\whlstf32.htm
whgdata\whlstf33.htm
whgdata\whlstf34.htm
whgdata\whlstf35.htm
whgdata\whlstf36.htm
whgdata\whlstf37.htm
whgdata\whlstf38.htm
whgdata\whlstf39.htm
whgdata\whlstf40.htm
whgdata\whlstf41.htm
whgdata\whlstf42.htm
whgdata\whlstf43.htm
whgdata\whlstf44.htm
whgdata\whlstf45.htm
whgdata\whlstf46.htm
whgdata\whlstf47.htm
whgdata\whlstf48.htm
whgdata\whlstf49.htm
whgdata\whlstf50.htm
whgdata\whlstf51.htm
whgdata\whlstf52.htm
whgdata\whlstf53.htm
whgdata\whlstf54.htm
whgdata\whlstf55.htm
whgdata\whlstf56.htm
whgdata\whlstf57.htm
whgdata\whlstf58.htm
whgdata\whlstf59.htm
whgdata\whlstf60.htm
whgdata\whlstf61.htm
whgdata\whlstf62.htm
whgdata\whlstf63.htm
whgdata\whlstf64.htm
whgdata\whlstf65.htm
whgdata\whlstf66.htm
whgdata\whlstf67.htm
whgdata\whlstg0.htm
index.htm
index_csh.htm
index_rhc.htm
